0 info it worked if it ends with ok
1 verbose cli [ '/usr/bin/node', '/usr/bin/npm', 'run', 'test' ]
2 info using npm@3.5.2
3 info using node@v8.10.0
4 verbose run-script [ 'pretest', 'test', 'posttest' ]
5 info lifecycle wsl-path@0.1.0~pretest: wsl-path@0.1.0
6 silly lifecycle wsl-path@0.1.0~pretest: no script for pretest, continuing
7 info lifecycle wsl-path@0.1.0~test: wsl-path@0.1.0
8 verbose lifecycle wsl-path@0.1.0~test: unsafe-perm in lifecycle true
9 verbose lifecycle wsl-path@0.1.0~test: PATH: /usr/share/npm/bin/node-gyp-bin:/mnt/c/Users/erzgkrz/Downloads/vscode-ext/wsl-path/node_modules/.bin:/usr/local/sbin:/usr/local/bin:/usr/sbin:/usr/bin:/sbin:/bin:/usr/games:/usr/local/games:/mnt/c/ProgramData/DockerDesktop/version-bin:/mnt/c/Program Files/Docker/Docker/resources/bin:/mnt/c/ProgramData/Oracle/Java/javapath:/mnt/c/Windows/System32:/mnt/c/Windows:/mnt/c/Windows/System32/wbem:/mnt/c/Windows/System32/WindowsPowerShell/v1.0:/mnt/c/Program Files/PuTTY:/mnt/c/Program Files/Git/cmd:/mnt/c/Program Files/nodejs:/mnt/c/Windows/System32/OpenSSH:/mnt/c/Users/erzgkrz/.cargo/bin:/mnt/c/Users/erzgkrz/AppData/Local/Microsoft/WindowsApps:/mnt/c/Users/erzgkrz/AppData/Local/Programs/Microsoft VS Code/bin:/mnt/c/Users/erzgkrz/AppData/Local/Programs/Microsoft VS Code Insiders/bin:/mnt/c/Program Files (x86)/Dr. Memory/bin:/mnt/c/Users/erzgkrz/AppData/Roaming/npm
10 verbose lifecycle wsl-path@0.1.0~test: CWD: /mnt/c/Users/erzgkrz/Downloads/vscode-ext/wsl-path
11 silly lifecycle wsl-path@0.1.0~test: Args: [ '-c',
11 silly lifecycle   'npm run compile && node ./node_modules/vscode/bin/test' ]
12 silly lifecycle wsl-path@0.1.0~test: Returned: code: 1  signal: null
13 info lifecycle wsl-path@0.1.0~test: Failed to exec test script
14 verbose stack Error: wsl-path@0.1.0 test: `npm run compile && node ./node_modules/vscode/bin/test`
14 verbose stack Exit status 1
14 verbose stack     at EventEmitter.<anonymous> (/usr/share/npm/lib/utils/lifecycle.js:232:16)
14 verbose stack     at emitTwo (events.js:126:13)
14 verbose stack     at EventEmitter.emit (events.js:214:7)
14 verbose stack     at ChildProcess.<anonymous> (/usr/share/npm/lib/utils/spawn.js:24:14)
14 verbose stack     at emitTwo (events.js:126:13)
14 verbose stack     at ChildProcess.emit (events.js:214:7)
14 verbose stack     at maybeClose (internal/child_process.js:925:16)
14 verbose stack     at Process.ChildProcess._handle.onexit (internal/child_process.js:209:5)
15 verbose pkgid wsl-path@0.1.0
16 verbose cwd /mnt/c/Users/erzgkrz/Downloads/vscode-ext/wsl-path
17 error Linux 4.4.0-17763-Microsoft
18 error argv "/usr/bin/node" "/usr/bin/npm" "run" "test"
19 error node v8.10.0
20 error npm  v3.5.2
21 error code ELIFECYCLE
22 error wsl-path@0.1.0 test: `npm run compile && node ./node_modules/vscode/bin/test`
22 error Exit status 1
23 error Failed at the wsl-path@0.1.0 test script 'npm run compile && node ./node_modules/vscode/bin/test'.
23 error Make sure you have the latest version of node.js and npm installed.
23 error If you do, this is most likely a problem with the wsl-path package,
23 error not with npm itself.
23 error Tell the author that this fails on your system:
23 error     npm run compile && node ./node_modules/vscode/bin/test
23 error You can get information on how to open an issue for this project with:
23 error     npm bugs wsl-path
23 error Or if that isn't available, you can get their info via:
23 error     npm owner ls wsl-path
23 error There is likely additional logging output above.
24 verbose exit [ 1, true ]
